[debug] [2023-04-22T19:58:05.852Z] ----------------------------------------------------------------------
[debug] [2023-04-22T19:58:05.860Z] Command:       /home/johannes/.nvm/versions/node/v20.0.0/bin/node /home/johannes/.nvm/versions/node/v20.0.0/bin/firebase init
[debug] [2023-04-22T19:58:05.862Z] CLI Version:   11.28.0
[debug] [2023-04-22T19:58:05.862Z] Platform:      linux
[debug] [2023-04-22T19:58:05.862Z] Node Version:  v20.0.0
[debug] [2023-04-22T19:58:05.863Z] Time:          Sat Apr 22 2023 21:58:05 GMT+0200 (Mitteleuropäische Sommerzeit)
[debug] [2023-04-22T19:58:05.863Z] ----------------------------------------------------------------------
[debug] 
[debug] [2023-04-22T19:58:05.962Z] > command requires scopes: ["email","openid","https://www.googleapis.com/auth/cloudplatformprojects.readonly","https://www.googleapis.com/auth/firebase","https://www.googleapis.com/auth/cloud-platform"]
[debug] [2023-04-22T19:58:05.962Z] > authorizing via signed-in user (johwol25@gmail.com)
[info] 
     ######## #### ########  ######## ########     ###     ######  ########
     ##        ##  ##     ## ##       ##     ##  ##   ##  ##       ##
     ######    ##  ########  ######   ########  #########  ######  ######
     ##        ##  ##    ##  ##       ##     ## ##     ##       ## ##
     ##       #### ##     ## ######## ########  ##     ##  ######  ########

You're about to initialize a Firebase project in this directory:

  /home/johannes/Schreibtisch/Programmieren/HTML/Firebase/Chatify-Login

Before we get started, keep in mind:

  * You are initializing within an existing Firebase project directory

[info] 
=== Project Setup
[info] 
[info] First, let's associate this project directory with a Firebase project.
[info] You can create multiple project aliases by running firebase use --add, 
[info] but for now we'll just set up a default project.
[info] 
[debug] [2023-04-22T19:58:11.752Z] Using project from CLI flag: chatify-1b096
[debug] [2023-04-22T19:58:11.756Z] >>> [apiv2][query] GET https://firebase.googleapis.com/v1beta1/projects/chatify-1b096 [none]
[debug] [2023-04-22T19:58:12.165Z] <<< [apiv2][status] GET https://firebase.googleapis.com/v1beta1/projects/chatify-1b096 200
[debug] [2023-04-22T19:58:12.165Z] <<< [apiv2][body] GET https://firebase.googleapis.com/v1beta1/projects/chatify-1b096 {"projectId":"chatify-1b096","projectNumber":"696103072500","displayName":"Chatify","name":"projects/chatify-1b096","resources":{"hostingSite":"chatify-1b096","realtimeDatabaseInstance":"chatify-1b096-default-rtdb","storageBucket":"chatify-1b096.appspot.com","locationId":"us-central"},"state":"ACTIVE","etag":"1_99908425-d7d0-4258-8703-4ed28b55bbcc"}
[info] i  Using project chatify-1b096 (Chatify) 
[info] 
=== Hosting:github Setup
[info] 
[info] i  Didn't detect a .git folder. Assuming /home/johannes/Schreibtisch/Programmieren/HTML/Firebase/Chatify-Login is the project root. 
[info] i  Authorizing with GitHub to upload your service account to a GitHub repository's secrets store. 
[info] 
[info] Visit this URL on this device to log in:
[info] https://github.com/login/oauth/authorize?client_id=89cf50f02ac6aaed3484&state=998105833&redirect_uri=http%3A%2F%2Flocalhost%3A9005&scope=read%3Auser%20repo%20public_repo
[info] 
[info] Waiting for authentication...
[debug] [2023-04-22T19:58:13.203Z] >>> [apiv2][query] POST https://github.com/login/oauth/access_token [none]
[debug] [2023-04-22T19:58:13.203Z] >>> [apiv2][body] POST https://github.com/login/oauth/access_token [stream]
[debug] [2023-04-22T19:58:13.535Z] <<< [apiv2][status] POST https://github.com/login/oauth/access_token 200
[debug] [2023-04-22T19:58:13.535Z] <<< [apiv2][body] POST https://github.com/login/oauth/access_token {"access_token":"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","token_type":"bearer","scope":"read:user,repo"}
[debug] [2023-04-22T19:58:13.550Z] >>> [apiv2][query] GET https://api.github.com/user [none]
[debug] [2023-04-22T19:58:13.909Z] <<< [apiv2][status] GET https://api.github.com/user 200
[debug] [2023-04-22T19:58:13.909Z] <<< [apiv2][body] GET https://api.github.com/user {"login":"Jw2122","id":109501155,"node_id":"U_kgDOBoba4w","avatar_url":"https://avatars.githubusercontent.com/u/109501155?v=4","gravatar_id":"","url":"https://api.github.com/users/Jw2122","html_url":"https://github.com/Jw2122","followers_url":"https://api.github.com/users/Jw2122/followers","following_url":"https://api.github.com/users/Jw2122/following{/other_user}","gists_url":"https://api.github.com/users/Jw2122/gists{/gist_id}","starred_url":"https://api.github.com/users/Jw2122/starred{/owner}{/repo}","subscriptions_url":"https://api.github.com/users/Jw2122/subscriptions","organizations_url":"https://api.github.com/users/Jw2122/orgs","repos_url":"https://api.github.com/users/Jw2122/repos","events_url":"https://api.github.com/users/Jw2122/events{/privacy}","received_events_url":"https://api.github.com/users/Jw2122/received_events","type":"User","site_admin":false,"name":null,"company":null,"blog":"","location":null,"email":null,"hireable":null,"bio":null,"twitter_username":null,"public_repos":3,"public_gists":0,"followers":0,"following":0,"created_at":"2022-07-18T05:25:32Z","updated_at":"2023-03-27T15:10:51Z","private_gists":0,"total_private_repos":2,"owned_private_repos":2,"disk_usage":0,"collaborators":0,"two_factor_authentication":false,"plan":{"name":"free","space":976562499,"collaborators":0,"private_repos":10000}}
[info] 
[info] ✔  Success! Logged into GitHub as Jw2122 
[info] 
[debug] [2023-04-22T19:58:19.100Z] >>> [apiv2][query] GET https://api.github.com/repos//actions/secrets/public-key type=owner
[debug] [2023-04-22T19:58:19.389Z] <<< [apiv2][status] GET https://api.github.com/repos//actions/secrets/public-key 404
[debug] [2023-04-22T19:58:19.389Z] <<< [apiv2][body] GET https://api.github.com/repos//actions/secrets/public-key {"message":"Not Found","documentation_url":"https://docs.github.com/rest"}
[info] 
[info] 
[error] ⚠  The provided authorization cannot be used with this repository. If this repository is in an organization, did you remember to grant access? 
[info] 
[info] i  Action required: Visit this URL to ensure access has been granted to the appropriate organization(s) for the Firebase CLI GitHub OAuth App: 
[info] https://github.com/settings/connections/applications/89cf50f02ac6aaed3484
[info] 
[debug] [2023-04-22T20:06:54.570Z] Error: setRawMode EIO
    at ReadStream.setRawMode (node:tty:77:31)
    at [_setRawMode] [as _setRawMode] (node:internal/readline/interface:373:18)
    at Interface.close (node:internal/readline/interface:523:24)
    at ReadStream.ontermend (node:internal/readline/interface:259:10)
    at ReadStream.emit (node:events:523:35)
    at ReadStream.emit (node:domain:489:12)
    at endReadableNT (node:internal/streams/readable:1367:12)
    at process.processTicksAndRejections (node:internal/process/task_queues:82:21)
[error] 
[error] Error: An unexpected error has occurred.
[debug] [2023-04-22T20:06:54.588Z] Error: write EIO
    at afterWriteDispatched (node:internal/stream_base_commons:160:15)
    at writeGeneric (node:internal/stream_base_commons:151:3)
    at Socket._writeGeneric (node:net:945:11)
    at Socket._write (node:net:957:8)
    at writeOrBuffer (node:internal/streams/writable:399:12)
    at _write (node:internal/streams/writable:340:10)
    at Writable.write (node:internal/streams/writable:344:10)
    at Console.log (/home/johannes/.nvm/versions/node/v20.0.0/lib/node_modules/firebase-tools/node_modules/winston/lib/winston/transports/console.js:79:23)
    at Console._write (/home/johannes/.nvm/versions/node/v20.0.0/lib/node_modules/firebase-tools/node_modules/winston-transport/index.js:103:17)
    at doWrite (/home/johannes/.nvm/versions/node/v20.0.0/lib/node_modules/firebase-tools/node_modules/winston-transport/node_modules/readable-stream/lib/_stream_writable.js:428:64)
    at writeOrBuffer (/home/johannes/.nvm/versions/node/v20.0.0/lib/node_modules/firebase-tools/node_modules/winston-transport/node_modules/readable-stream/lib/_stream_writable.js:417:5)
    at Writable.write (/home/johannes/.nvm/versions/node/v20.0.0/lib/node_modules/firebase-tools/node_modules/winston-transport/node_modules/readable-stream/lib/_stream_writable.js:334:11)
    at DerivedLogger.ondata (/home/johannes/.nvm/versions/node/v20.0.0/lib/node_modules/firebase-tools/node_modules/readable-stream/lib/_stream_readable.js:681:20)
    at DerivedLogger.emit (node:events:523:35)
    at DerivedLogger.emit (node:domain:489:12)
    at addChunk (/home/johannes/.nvm/versions/node/v20.0.0/lib/node_modules/firebase-tools/node_modules/readable-stream/lib/_stream_readable.js:298:12)
[error] 
[error] Error: An unexpected error has occurred.
[debug] [2023-04-22T20:06:54.595Z] Error: write EIO
    at afterWriteDispatched (node:internal/stream_base_commons:160:15)
    at writeGeneric (node:internal/stream_base_commons:151:3)
    at Socket._writeGeneric (node:net:945:11)
    at Socket._write (node:net:957:8)
    at writeOrBuffer (node:internal/streams/writable:399:12)
    at _write (node:internal/streams/writable:340:10)
    at Writable.write (node:internal/streams/writable:344:10)
    at Console.log (/home/johannes/.nvm/versions/node/v20.0.0/lib/node_modules/firebase-tools/node_modules/winston/lib/winston/transports/console.js:79:23)
    at Console._write (/home/johannes/.nvm/versions/node/v20.0.0/lib/node_modules/firebase-tools/node_modules/winston-transport/index.js:103:17)
    at doWrite (/home/johannes/.nvm/versions/node/v20.0.0/lib/node_modules/firebase-tools/node_modules/winston-transport/node_modules/readable-stream/lib/_stream_writable.js:428:64)
    at writeOrBuffer (/home/johannes/.nvm/versions/node/v20.0.0/lib/node_modules/firebase-tools/node_modules/winston-transport/node_modules/readable-stream/lib/_stream_writable.js:417:5)
    at Writable.write (/home/johannes/.nvm/versions/node/v20.0.0/lib/node_modules/firebase-tools/node_modules/winston-transport/node_modules/readable-stream/lib/_stream_writable.js:334:11)
    at DerivedLogger.ondata (/home/johannes/.nvm/versions/node/v20.0.0/lib/node_modules/firebase-tools/node_modules/readable-stream/lib/_stream_readable.js:681:20)
    at DerivedLogger.emit (node:events:523:35)
    at DerivedLogger.emit (node:domain:489:12)
    at addChunk (/home/johannes/.nvm/versions/node/v20.0.0/lib/node_modules/firebase-tools/node_modules/readable-stream/lib/_stream_readable.js:298:12)
[error] 
[error] Error: An unexpected error has occurred.
[debug] [2023-04-22T20:06:54.605Z] Error: write EIO
    at afterWriteDispatched (node:internal/stream_base_commons:160:15)
    at writeGeneric (node:internal/stream_base_commons:151:3)
    at Socket._writeGeneric (node:net:945:11)
    at Socket._write (node:net:957:8)
    at writeOrBuffer (node:internal/streams/writable:399:12)
    at _write (node:internal/streams/writable:340:10)
    at Writable.write (node:internal/streams/writable:344:10)
    at Console.log (/home/johannes/.nvm/versions/node/v20.0.0/lib/node_modules/firebase-tools/node_modules/winston/lib/winston/transports/console.js:79:23)
    at Console._write (/home/johannes/.nvm/versions/node/v20.0.0/lib/node_modules/firebase-tools/node_modules/winston-transport/index.js:103:17)
    at doWrite (/home/johannes/.nvm/versions/node/v20.0.0/lib/node_modules/firebase-tools/node_modules/winston-transport/node_modules/readable-stream/lib/_stream_writable.js:428:64)
    at writeOrBuffer (/home/johannes/.nvm/versions/node/v20.0.0/lib/node_modules/firebase-tools/node_modules/winston-transport/node_modules/readable-stream/lib/_stream_writable.js:417:5)
    at Writable.write (/home/johannes/.nvm/versions/node/v20.0.0/lib/node_modules/firebase-tools/node_modules/winston-transport/node_modules/readable-stream/lib/_stream_writable.js:334:11)
    at DerivedLogger.ondata (/home/johannes/.nvm/versions/node/v20.0.0/lib/node_modules/firebase-tools/node_modules/readable-stream/lib/_stream_readable.js:681:20)
    at DerivedLogger.emit (node:events:523:35)
    at DerivedLogger.emit (node:domain:489:12)
    at addChunk (/home/johannes/.nvm/versions/node/v20.0.0/lib/node_modules/firebase-tools/node_modules/readable-stream/lib/_stream_readable.js:298:12)
[error] 
[error] Error: An unexpected error has occurred.
[debug] [2023-04-22T20:06:54.606Z] Error: write EIO
    at afterWriteDispatched (node:internal/stream_base_commons:160:15)
    at writeGeneric (node:internal/stream_base_commons:151:3)
    at Socket._writeGeneric (node:net:945:11)
    at Socket._write (node:net:957:8)
    at writeOrBuffer (node:internal/streams/writable:399:12)
    at _write (node:internal/streams/writable:340:10)
    at Writable.write (node:internal/streams/writable:344:10)
    at Console.log (/home/johannes/.nvm/versions/node/v20.0.0/lib/node_modules/firebase-tools/node_modules/winston/lib/winston/transports/console.js:79:23)
    at Console._write (/home/johannes/.nvm/versions/node/v20.0.0/lib/node_modules/firebase-tools/node_modules/winston-transport/index.js:103:17)
    at doWrite (/home/johannes/.nvm/versions/node/v20.0.0/lib/node_modules/firebase-tools/node_modules/winston-transport/node_modules/readable-stream/lib/_stream_writable.js:428:64)
    at writeOrBuffer (/home/johannes/.nvm/versions/node/v20.0.0/lib/node_modules/firebase-tools/node_modules/winston-transport/node_modules/readable-stream/lib/_stream_writable.js:417:5)
    at Writable.write (/home/johannes/.nvm/versions/node/v20.0.0/lib/node_modules/firebase-tools/node_modules/winston-transport/node_modules/readable-stream/lib/_stream_writable.js:334:11)
    at DerivedLogger.ondata (/home/johannes/.nvm/versions/node/v20.0.0/lib/node_modules/firebase-tools/node_modules/readable-stream/lib/_stream_readable.js:681:20)
    at DerivedLogger.emit (node:events:523:35)
    at DerivedLogger.emit (node:domain:489:12)
    at addChunk (/home/johannes/.nvm/versions/node/v20.0.0/lib/node_modules/firebase-tools/node_modules/readable-stream/lib/_stream_readable.js:298:12)
[error] 
[error] Error: An unexpected error has occurred.
[debug] [2023-04-22T20:06:54.607Z] Error: write EIO
    at afterWriteDispatched (node:internal/stream_base_commons:160:15)
    at writeGeneric (node:internal/stream_base_commons:151:3)
    at Socket._writeGeneric (node:net:945:11)
    at Socket._write (node:net:957:8)
    at writeOrBuffer (node:internal/streams/writable:399:12)
    at _write (node:internal/streams/writable:340:10)
    at Writable.write (node:internal/streams/writable:344:10)
    at Console.log (/home/johannes/.nvm/versions/node/v20.0.0/lib/node_modules/firebase-tools/node_modules/winston/lib/winston/transports/console.js:79:23)
    at Console._write (/home/johannes/.nvm/versions/node/v20.0.0/lib/node_modules/firebase-tools/node_modules/winston-transport/index.js:103:17)
    at doWrite (/home/johannes/.nvm/versions/node/v20.0.0/lib/node_modules/firebase-tools/node_modules/winston-transport/node_modules/readable-stream/lib/_stream_writable.js:428:64)
    at writeOrBuffer (/home/johannes/.nvm/versions/node/v20.0.0/lib/node_modules/firebase-tools/node_modules/winston-transport/node_modules/readable-stream/lib/_stream_writable.js:417:5)
    at Writable.write (/home/johannes/.nvm/versions/node/v20.0.0/lib/node_modules/firebase-tools/node_modules/winston-transport/node_modules/readable-stream/lib/_stream_writable.js:334:11)
    at DerivedLogger.ondata (/home/johannes/.nvm/versions/node/v20.0.0/lib/node_modules/firebase-tools/node_modules/readable-stream/lib/_stream_readable.js:681:20)
    at DerivedLogger.emit (node:events:523:35)
    at DerivedLogger.emit (node:domain:489:12)
    at addChunk (/home/johannes/.nvm/versions/node/v20.0.0/lib/node_modules/firebase-tools/node_modules/readable-stream/lib/_stream_readable.js:298:12)
[error] 
[error] Error: An unexpected error has occurred.
[debug] [2023-04-22T20:06:54.628Z] Error: write EIO
    at afterWriteDispatched (node:internal/stream_base_commons:160:15)
    at writeGeneric (node:internal/stream_base_commons:151:3)
    at Socket._writeGeneric (node:net:945:11)
    at Socket._write (node:net:957:8)
    at writeOrBuffer (node:internal/streams/writable:399:12)
    at _write (node:internal/streams/writable:340:10)
    at Writable.write (node:internal/streams/writable:344:10)
    at Console.log (/home/johannes/.nvm/versions/node/v20.0.0/lib/node_modules/firebase-tools/node_modules/winston/lib/winston/transports/console.js:79:23)
    at Console._write (/home/johannes/.nvm/versions/node/v20.0.0/lib/node_modules/firebase-tools/node_modules/winston-transport/index.js:103:17)
    at doWrite (/home/johannes/.nvm/versions/node/v20.0.0/lib/node_modules/firebase-tools/node_modules/winston-transport/node_modules/readable-stream/lib/_stream_writable.js:428:64)
    at writeOrBuffer (/home/johannes/.nvm/versions/node/v20.0.0/lib/node_modules/firebase-tools/node_modules/winston-transport/node_modules/readable-stream/lib/_stream_writable.js:417:5)
    at Writable.write (/home/johannes/.nvm/versions/node/v20.0.0/lib/node_modules/firebase-tools/node_modules/winston-transport/node_modules/readable-stream/lib/_stream_writable.js:334:11)
    at DerivedLogger.ondata (/home/johannes/.nvm/versions/node/v20.0.0/lib/node_modules/firebase-tools/node_modules/readable-stream/lib/_stream_readable.js:681:20)
    at DerivedLogger.emit (node:events:523:35)
    at DerivedLogger.emit (node:domain:489:12)
    at addChunk (/home/johannes/.nvm/versions/node/v20.0.0/lib/node_modules/firebase-tools/node_modules/readable-stream/lib/_stream_readable.js:298:12)
[error] 
[error] Error: An unexpected error has occurred.
[debug] [2023-04-22T20:06:54.629Z] Error: write EIO
    at afterWriteDispatched (node:internal/stream_base_commons:160:15)
    at writeGeneric (node:internal/stream_base_commons:151:3)
    at Socket._writeGeneric (node:net:945:11)
    at Socket._write (node:net:957:8)
    at writeOrBuffer (node:internal/streams/writable:399:12)
    at _write (node:internal/streams/writable:340:10)
    at Writable.write (node:internal/streams/writable:344:10)
    at Console.log (/home/johannes/.nvm/versions/node/v20.0.0/lib/node_modules/firebase-tools/node_modules/winston/lib/winston/transports/console.js:79:23)
    at Console._write (/home/johannes/.nvm/versions/node/v20.0.0/lib/node_modules/firebase-tools/node_modules/winston-transport/index.js:103:17)
    at doWrite (/home/johannes/.nvm/versions/node/v20.0.0/lib/node_modules/firebase-tools/node_modules/winston-transport/node_modules/readable-stream/lib/_stream_writable.js:428:64)
    at writeOrBuffer (/home/johannes/.nvm/versions/node/v20.0.0/lib/node_modules/firebase-tools/node_modules/winston-transport/node_modules/readable-stream/lib/_stream_writable.js:417:5)
    at Writable.write (/home/johannes/.nvm/versions/node/v20.0.0/lib/node_modules/firebase-tools/node_modules/winston-transport/node_modules/readable-stream/lib/_stream_writable.js:334:11)
    at DerivedLogger.ondata (/home/johannes/.nvm/versions/node/v20.0.0/lib/node_modules/firebase-tools/node_modules/readable-stream/lib/_stream_readable.js:681:20)
    at DerivedLogger.emit (node:events:523:35)
    at DerivedLogger.emit (node:domain:489:12)
    at addChunk (/home/johannes/.nvm/versions/node/v20.0.0/lib/node_modules/firebase-tools/node_modules/readable-stream/lib/_stream_readable.js:298:12)
[error] 
[error] Error: An unexpected error has occurred.
